initialization successfully.
algorithm: 1
1	Allocate pid(1) vaddress is 1024 to 1800
8	Allocate pid(2) vaddress is 1024 to 7359
9	Write  from vm(2668) to vm(2796)
10	Write  from vm(2540) to vm(2668)
11	Write  from vm(2053) to vm(2181)
19	Allocate pid(3) vaddress is 1024 to 8557
20	Read  from vm(5117) to vm(4221)
21	Read  from vm(4997) to vm(4101)
22	Write  from vm(7020) to vm(7148)
29	Allocate pid(4) vaddress is 1024 to 7359
30	Read  from vm(5692) to vm(4796)
32	Page replace: source(6144)	 victim(1024)  
32	Read  from vm(7810) to vm(6914)
34	Page replace: source(7168)	 victim(2048)  
34	Write  from vm(8337) to vm(8465)
38	Allocate pid(5) vaddress is 1024 to 4594
39	Read  from vm(4713) to vm(3817)
40	Write  from vm(3118) to vm(3246)
42	Page replace: source(4096)	 victim(1024)  
42	Read  from vm(5316) to vm(4420)
44	Allocate pid(6) vaddress is 1024 to 2794
45	Read  from vm(4749) to vm(3853)
46	Write  from vm(4284) to vm(4412)
47	Read  from vm(4409) to vm(3513)
49	Page replace: source(6144)	 victim(1024)  
49	Write  from vm(7203) to vm(7331)
51	Page replace: source(1024)	 victim(2048)  
51	Read  from vm(2949) to vm(2053)
52	Write  from vm(4393) to vm(4521)
54	Page replace: source(1024)	 victim(2048)  
54	Write  from vm(2177) to vm(2305)
54	Memory Free pid(5)
55	Write  from vm(7045) to vm(7173)
55	Memory Free pid(3)
56	Write  from vm(2547) to vm(2675)
56	Memory Free pid(1)
63	Allocate pid(7) vaddress is 1024 to 7359
64	Read  from vm(6005) to vm(5109)
66	Page replace: source(5120)	 victim(1024)  
66	Read  from vm(6645) to vm(5749)
68	Page replace: source(1024)	 victim(2048)  
68	Write  from vm(2712) to vm(2840)
68	Memory Free pid(7)
68	Memory Free pid(4)
70	Page replace: source(1024)	 victim(3072)  
70	Read  from vm(2102) to vm(1206)
70	Memory Free pid(2)
71	Read  from vm(3639) to vm(2743)
72	Write  from vm(2237) to vm(2365)
73	Allocate pid(8) vaddress is 1024 to 1178
73	Memory Free pid(6)
74	Write  from vm(2146) to vm(2274)
75	Write  from vm(2070) to vm(2198)
76	Read  from vm(2196) to vm(1300)
78	Allocate pid(9) vaddress is 1024 to 2062
79	Write  from vm(2998) to vm(3126)
80	Write  from vm(3083) to vm(3211)
81	Write  from vm(2506) to vm(2634)
85	Allocate pid(10) vaddress is 1024 to 4536
86	Write  from vm(2062) to vm(2190)
87	Write  from vm(2103) to vm(2231)
87	Memory Free pid(8)
88	Read  from vm(4971) to vm(4075)
89	Read  from vm(2799) to vm(1903)
91	Page replace: source(4096)	 victim(2048)  
91	Read  from vm(5474) to vm(4578)
93	Allocate pid(11) vaddress is 1024 to 2062
94	Read  from vm(2941) to vm(2045)
95	Write  from vm(2593) to vm(2721)
96	Write  from vm(2142) to vm(2270)
98	Allocate pid(12) vaddress is 1024 to 2116
99	Write  from vm(4203) to vm(4331)
100	Write  from vm(4817) to vm(4945)
100	Memory Free pid(10)
101	Read  from vm(2240) to vm(1344)
102	Read  from vm(3057) to vm(2161)
103	Read  from vm(3029) to vm(2133)
104	Write  from vm(2492) to vm(2620)
105	Write  from vm(2972) to vm(3100)
105	Memory Free pid(11)
105	Memory Free pid(9)
106	Read  from vm(2304) to vm(1408)
107	Read  from vm(2346) to vm(1450)
109	Allocate pid(13) vaddress is 1024 to 2116
110	Write  from vm(2683) to vm(2811)
111	Write  from vm(2929) to vm(3057)
112	Write  from vm(2053) to vm(2181)
114	Allocate pid(14) vaddress is 1024 to 2116
115	Read  from vm(2654) to vm(1758)
116	Write  from vm(2233) to vm(2361)
117	Write  from vm(2207) to vm(2335)
125	Allocate pid(15) vaddress is 1024 to 8736
126	Read  from vm(2710) to vm(1814)
127	Write  from vm(2764) to vm(2892)
128	Read  from vm(3312) to vm(2416)
129	Allocate pid(16) vaddress is 1024 to 1996
130	Write  from vm(6491) to vm(6619)
131	Write  from vm(5346) to vm(5474)
132	Write  from vm(3401) to vm(3529)
140	Allocate pid(17) vaddress is 1024 to 9206
141	Read  from vm(2691) to vm(1795)
142	Write  from vm(2375) to vm(2503)
143	Write  from vm(2658) to vm(2786)
144	Allocate pid(18) vaddress is 1024 to 1556
145	Read  from vm(3881) to vm(2985)
146	Read  from vm(5824) to vm(4928)
147	Read  from vm(2530) to vm(1634)
148	Allocate pid(19) vaddress is 1024 to 1803
150	Page replace: source(7168)	 victim(3072)  
150	Reinitialization successfully.
algorithm: 1
4	Allocate pid(1) vaddress is 1024 to 4254
11	Allocate pid(2) vaddress is 1024 to 7359
12	Write  from vm(4366) to vm(4494)
13	Write  from vm(2540) to vm(2668)
14	Write  from vm(4255) to vm(4383)
22	Allocate pid(3) vaddress is 1024 to 8557
23	Read  from vm(5117) to vm(4221)
24	Read  from vm(4997) to vm(4101)
25	Write  from vm(7020) to vm(7148)
33	Allocate pid(4) vaddress is 1024 to 8557
33	Memory Free pid(1)
34	Read  from vm(2098) to vm(1202)
35	Read  from vm(3018) to vm(2122)
39	Allocate pid(5) vaddress is 1024 to 4594
40	Write  from vm(7139) to vm(7267)
41	Read  from vm(3927) to vm(3031)
42	Write  from vm(6688) to vm(6816)
44	Page replace: source(4096)	 victim(1024)  
44	Read  from vm(5316) to vm(4420)
46	Allocate pid(6) vaddress is 1024 to 2794
47	Write  from vm(3576) to vm(3704)
48	Read  from vm(4070) to vm(3174)
49	Read  from vm(3924) to vm(3028)
initialization successfully.
algorithm: 1
3	Allocate pid(1) vaddress is 1024 to 3626
10	Allocate pid(2) vaddress is 1024 to 7359
11	Write  from vm(2302) to vm(2430)
12	Write  from vm(2540) to vm(2668)
14	Page replace: source(6144)	 victim(1024)  
14	Write  from vm(7485) to vm(7613)
15	Write  from vm(8095) to vm(8223)
23	Allocate pid(3) vaddress is 1024 to 8557
24	Write  from vm(4770) to vm(4898)
25	Write  from vm(6713) to vm(6841)
26	Read  from vm(5084) to vm(4188)
34	Allocate pid(4) vaddress is 1024 to 8557
36	Page replace: source(8192)	 victim(1024)  
36	Read  from vm(9556) to vm(8660)
37	Write  from vm(3843) to vm(3971)
39	Page replace: source(6144)	 victim(1024)  
39	Write  from vm(7586) to vm(7714)
43	Allocate pid(5) vaddress is 1024 to 4594
45	Page replace: source(1024)	 victim(3072)  
45	Read  from vm(2379) to vm(1483)
46	Read  from vm(7070) to vm(6174)
47	Write  from vm(5619) to vm(5747)
48	Write  from vm(3343) to vm(3471)
50	Allocate pid(6) vaddress is 1024 to 2794
51	Write  from vm(3226) to vm(3354)
52	Write  from vm(2714) to vm(2842)
52	Memory Free pid(4)
53	Write  from vm(5745) to vm(5873)
55	Page replace: source(1024)	 victim(2048)  
55	Write  from vm(2753) to vm(2881)
55	Memory Free pid(3)
56	Read  from vm(2359) to vm(1463)
57	Read  from vm(3828) to vm(2932)
58	Write  from vm(3213) to vm(3341)
58	Memory Free pid(5)
59	Read  from vm(4647) to vm(3751)
66	Allocate pid(7) vaddress is 1024 to 7359
66	Memory Free pid(7)
66	Memory Free pid(2)
67	Write  from vm(2516) to vm(2644)
68	Read  from vm(3716) to vm(2820)
69	Read  from vm(3462) to vm(2566)
70	Write  from vm(2585) to vm(2713)
71	Read  from vm(3758) to vm(2862)
72	Allocate pid(8) vaddress is 1024 to 1178
72	Memory Free pid(6)
73	Read  from vm(2168) to vm(1272)
74	Read  from vm(2164) to vm(1268)
75	Write  from vm(2052) to vm(2180)
77	Allocate pid(9) vaddress is 1024 to 2062
78	Write  from vm(2598) to vm(2726)
79	Read  from vm(2337) to vm(1441)
80	Read  from vm(2123) to vm(1227)
84	Allocate pid(10) vaddress is 1024 to 4536
85	Write  from vm(2057) to vm(2185)
86	Read  from vm(2109) to vm(1213)
88	Page replace: source(4096)	 victim(1024)  
88	Read  from vm(5156) to vm(4260)
89	Read  from vm(4728) to vm(3832)
91	Page replace: source(1024)	 victim(2048)  
91	Read  from vm(3024) to vm(2128)
93	Allocate pid(11) vaddress is 1024 to 2062
94	Read  from vm(2382) to vm(1486)
95	Read  from vm(2783) to vm(1887)
96	Write  from vm(2469) to vm(2597)
98	Allocate pid(12) vaddress is 1024 to 2116
99	Write  from vm(2169) to vm(2297)
99	Memory Free pid(8)
101	Page replace: source(2048)	 victim(1024)  
101	Read  from vm(3140) to vm(2244)
103	Page replace: source(1024)	 victim(2048)  
103	Write  from vm(2429) to vm(2557)
104	Write  from vm(2381) to vm(2509)
105	Write  from vm(2968) to vm(3096)
106	Write  from vm(2496) to vm(2624)
107	Read  from vm(2254) to vm(1358)
108	Read  from vm(2335) to vm(1439)
108	Memory Free pid(11)
108	Memory Free pid(9)
109	Write  from vm(2388) to vm(2516)
112	Allocate pid(13) vaddress is 1024 to 3626
114	Page replace: source(3072)	 victim(2048)  
114	Write  from vm(4203) to vm(4331)
115	Read  from vm(2154) to vm(1258)
116	Write  from vm(2068) to vm(2196)
116	Memory Free pid(10)
117	Read  from vm(2218) to vm(1322)
119	Allocate pid(14) vaddress is 1024 to 2116
120	Write  from vm(2637) to vm(2765)
121	Write  from vm(4064) to vm(4192)
123	Page replace: source(3072)	 victim(1024)  
123	Write  from vm(4170) to vm(4298)
124	Read  from vm(2986) to vm(2090)
132	Allocate pid(15) vaddress is 1024 to 8736
133	Write  from vm(2809) to vm(2937)
134	Read  from vm(3043) to vm(2147)
135	Read  from vm(6038) to vm(5142)
136	Allocate pid(16) vaddress is 1024 to 1996
137	Read  from vm(6600) to vm(5704)
138	Write  from vm(6678) to vm(6806)
140	Page replace: source(6144)	 victim(1024)  
140	Read  from vm(7570) to vm(6674)
148	Allocate pid(17) vaddress is 1024 to 9206
149	Write  from vm(6183) to vm(6311)
150	Write  from vm(6193) to vm(6321)
151	Write  from vm(4210) to vm(4338)
152	Allocate pid(18) vaddress is 1024 to 1556
153	Write  from vm(4333) to vm(4461)
154	Read  from vm(3942) to vm(3046)
156	Page replace: source(7168)	 victim(2048)  
156	Read  from vm(8423) to vm(7527)
157	Allocate pid(19) vaddress is 1024 to 1803
159	Page replace: source(1024)	 victim(3072)  
159	Read  from vm(2650) to vm(1754)
159	Memory Free pid(15)
160	Read  from vm(3057) to vm(2161)
160	Memory Free pid(13)
160	Memory Free pid(1)
161	Read  from vm(2888) to vm(1992)
167	Allocate pid(20) vaddress is 1024 to 6831
168	Write  from vm(2095) to vm(2223)
169	Read  from vm(4695) to vm(3799)
171	Page replace: source(5120)	 victim(1024)  
171	Write  from vm(6891) to vm(7019)
172	Read  from vm(4419) to vm(3523)
178	Allocate pid(21) vaddress is 1024 to 6831
179	Write  from vm(4717) to vm(4845)
179	Memory Free pid(21)
180	Read  from vm(2347) to vm(1451)
183	Allocate pid(22) vaddress is 1024 to 3905
184	Read  from vm(6148) to vm(5252)
185	Write  from vm(3973) to vm(4101)
