  MyGraphicsLib.cpp
e:\git\git_workplace\little-rookie\computer graphics\mygraphicslib\mygraphicslib\mygraphicslib.cpp(53): warning C4244: “初始化”: 从“float”转换到“int”，可能丢失数据
e:\git\git_workplace\little-rookie\computer graphics\mygraphicslib\mygraphicslib\mygraphicslib.cpp(54): warning C4244: “初始化”: 从“float”转换到“int”，可能丢失数据
e:\git\git_workplace\little-rookie\computer graphics\mygraphicslib\mygraphicslib\mygraphicslib.cpp(63): warning C4244: “初始化”: 从“double”转换到“int”，可能丢失数据
e:\git\git_workplace\little-rookie\computer graphics\mygraphicslib\mygraphicslib\mygraphicslib.cpp(68): warning C4244: “=”: 从“double”转换到“int”，可能丢失数据
e:\git\git_workplace\little-rookie\computer graphics\mygraphicslib\mygraphicslib\mygraphicslib.cpp(69): warning C4244: “=”: 从“double”转换到“int”，可能丢失数据
e:\git\git_workplace\little-rookie\computer graphics\mygraphicslib\mygraphicslib\mygraphicslib.cpp(83): warning C4244: “参数”: 从“double”转换到“int”，可能丢失数据
e:\git\git_workplace\little-rookie\computer graphics\mygraphicslib\mygraphicslib\mygraphicslib.cpp(143): warning C4305: “+=”: 从“double”到“float”截断
e:\git\git_workplace\little-rookie\computer graphics\mygraphicslib\mygraphicslib\mygraphicslib.cpp(266): warning C4244: “参数”: 从“double”转换到“float”，可能丢失数据
e:\git\git_workplace\little-rookie\computer graphics\mygraphicslib\mygraphicslib\mygraphicslib.cpp(288): warning C4244: “参数”: 从“LONG”转换到“float”，可能丢失数据
e:\git\git_workplace\little-rookie\computer graphics\mygraphicslib\mygraphicslib\mygraphicslib.cpp(290): warning C4244: “参数”: 从“LONG”转换到“float”，可能丢失数据
e:\git\git_workplace\little-rookie\computer graphics\mygraphicslib\mygraphicslib\mygraphicslib.cpp(353): warning C4244: “=”: 从“LONG”转换到“float”，可能丢失数据
e:\git\git_workplace\little-rookie\computer graphics\mygraphicslib\mygraphicslib\mygraphicslib.cpp(354): warning C4244: “=”: 从“LONG”转换到“float”，可能丢失数据
e:\git\git_workplace\little-rookie\computer graphics\mygraphicslib\mygraphicslib\mygraphicslib.cpp(355): warning C4244: “=”: 从“LONG”转换到“float”，可能丢失数据
e:\git\git_workplace\little-rookie\computer graphics\mygraphicslib\mygraphicslib\mygraphicslib.cpp(363): warning C4244: “=”: 从“LONG”转换到“float”，可能丢失数据
e:\git\git_workplace\little-rookie\computer graphics\mygraphicslib\mygraphicslib\mygraphicslib.cpp(364): warning C4244: “=”: 从“LONG”转换到“float”，可能丢失数据
e:\git\git_workplace\little-rookie\computer graphics\mygraphicslib\mygraphicslib\mygraphicslib.cpp(365): warning C4244: “=”: 从“LONG”转换到“float”，可能丢失数据
e:\git\git_workplace\little-rookie\computer graphics\mygraphicslib\mygraphicslib\mygraphicslib.cpp(474): warning C4101: “_hpen”: 未引用的局部变量
  MyGraphicsLib.vcxproj -> E:\Git\git_workplace\Little-rookie\Computer Graphics\MyGraphicsLib\Debug\MyGraphicsLib.exe
  MyGraphicsLib.vcxproj -> E:\Git\git_workplace\Little-rookie\Computer Graphics\MyGraphicsLib\Debug\MyGraphicsLib.pdb (Partial PDB)
